2024-10-22 20:51:29,041 [INFO] Activator:176 - 


2024-10-22 20:51:29,044 [INFO] Activator:177 - !SESSION log4j initialized
2024-10-22 20:51:32,327 [INFO] LogOutputStream:77 - [STDOUT_REDIRECT] 
2024-10-22 20:51:38,886 [INFO] ApplicationProperties:184 - Using Application install path: /opt/st/stm32cubeide_1.16.1/plugins/com.st.stm32cube.common.mx_6.12.1.202409122256
2024-10-22 20:51:38,970 [INFO] DbMcusXml:78 - Set database path to: /opt/st/stm32cubeide_1.16.1/plugins/com.st.stm32cube.common.mx_6.12.1.202409122256//db//mcu/
2024-10-22 20:51:38,970 [INFO] ApiDb:274 - Set plugin database path to: /opt/st/stm32cubeide_1.16.1/plugins/com.st.stm32cube.common.mx_6.12.1.202409122256//db//plugins/boardmanager/
2024-10-22 20:51:38,971 [WARN] ApiDb:259 - Overriding images path with different value:  => /opt/st/stm32cubeide_1.16.1/plugins/com.st.stm32cube.common.mx_6.12.1.202409122256//db//plugins/mcufinder/images/
2024-10-22 20:51:39,007 [INFO] ApiDb:250 - Set database path to: /home/deep/.stmcufinder/plugins/mcufinder//mcu/
2024-10-22 20:51:39,010 [INFO] DbMcusAds:125 - Set database path to: /home/deep/.stmcufinder/plugins/mcufinder//mcu/
2024-10-22 20:51:39,018 [INFO] CrossReferenceDbSqlite:203 - Set database path to: /home/deep/.stmcufinder/plugins/mcufinder//mcu/cs/
2024-10-22 20:51:39,545 [INFO] RulesReader:64 - Compatibility file has been processed (297 Rules)
2024-10-22 20:51:39,789 [INFO] DbMcusXml:78 - Set database path to: /opt/st/stm32cubeide_1.16.1/plugins/com.st.stm32cube.common.mx_6.12.1.202409122256//db//mcu/
2024-10-22 20:51:39,789 [INFO] ApiDb:274 - Set plugin database path to: /opt/st/stm32cubeide_1.16.1/plugins/com.st.stm32cube.common.mx_6.12.1.202409122256//db//plugins/boardmanager/
2024-10-22 20:51:39,789 [INFO] ApiDb:261 - Set plugin images path to: /opt/st/stm32cubeide_1.16.1/plugins/com.st.stm32cube.common.mx_6.12.1.202409122256//db//plugins/mcufinder/images/
2024-10-22 20:51:39,790 [WARN] DbFile:41 - Overriding database path with different value: /home/deep/.stmcufinder/plugins/mcufinder/ => /home/deep/.stmcufinder/plugins/mcufinder
2024-10-22 20:51:39,790 [INFO] ApiDb:250 - Set database path to: /home/deep/.stmcufinder/plugins/mcufinder//mcu/
2024-10-22 20:51:39,790 [WARN] DbFile:41 - Overriding database path with different value: /home/deep/.stmcufinder/plugins/mcufinder/ => /home/deep/.stmcufinder/plugins/mcufinder
2024-10-22 20:51:39,791 [INFO] DbMcusAds:125 - Set database path to: /home/deep/.stmcufinder/plugins/mcufinder//mcu/
2024-10-22 20:51:39,791 [WARN] DbFile:41 - Overriding database path with different value: /home/deep/.stmcufinder/plugins/mcufinder/ => /home/deep/.stmcufinder/plugins/mcufinder
2024-10-22 20:51:39,791 [WARN] DbFile:41 - Overriding database path with different value: /home/deep/.stmcufinder/plugins/mcufinder/ => /home/deep/.stmcufinder/plugins/mcufinder
2024-10-22 20:51:39,791 [INFO] CrossReferenceDbSqlite:203 - Set database path to: /home/deep/.stmcufinder/plugins/mcufinder//mcu/cs/
2024-10-22 20:51:39,979 [INFO] MainPanel:268 - HeapMemory: 268435456
2024-10-22 20:51:40,517 [INFO] DbMcusXml:78 - Set database path to: /opt/st/stm32cubeide_1.16.1/plugins/com.st.stm32cube.common.mx_6.12.1.202409122256//db//mcu/
2024-10-22 20:51:40,518 [INFO] ApiDb:274 - Set plugin database path to: /opt/st/stm32cubeide_1.16.1/plugins/com.st.stm32cube.common.mx_6.12.1.202409122256//db//plugins/boardmanager/
2024-10-22 20:51:40,518 [INFO] ApiDb:261 - Set plugin images path to: /opt/st/stm32cubeide_1.16.1/plugins/com.st.stm32cube.common.mx_6.12.1.202409122256//db//plugins/mcufinder/images/
2024-10-22 20:51:40,519 [WARN] DbFile:41 - Overriding database path with different value: /home/deep/.stmcufinder/plugins/mcufinder/ => /home/deep/.stmcufinder/plugins/mcufinder
2024-10-22 20:51:40,519 [INFO] ApiDb:250 - Set database path to: /home/deep/.stmcufinder/plugins/mcufinder//mcu/
2024-10-22 20:51:40,519 [WARN] DbFile:41 - Overriding database path with different value: /home/deep/.stmcufinder/plugins/mcufinder/ => /home/deep/.stmcufinder/plugins/mcufinder
2024-10-22 20:51:40,519 [INFO] DbMcusAds:125 - Set database path to: /home/deep/.stmcufinder/plugins/mcufinder//mcu/
2024-10-22 20:51:40,519 [WARN] DbFile:41 - Overriding database path with different value: /home/deep/.stmcufinder/plugins/mcufinder/ => /home/deep/.stmcufinder/plugins/mcufinder
2024-10-22 20:51:40,520 [WARN] DbFile:41 - Overriding database path with different value: /home/deep/.stmcufinder/plugins/mcufinder/ => /home/deep/.stmcufinder/plugins/mcufinder
2024-10-22 20:51:40,520 [INFO] CrossReferenceDbSqlite:203 - Set database path to: /home/deep/.stmcufinder/plugins/mcufinder//mcu/cs/
2024-10-22 20:51:40,550 [INFO] ApplicationProperties:184 - Using Application install path: /opt/st/stm32cubeide_1.16.1/plugins/com.st.stm32cube.common.mx_6.12.1.202409122256
2024-10-22 20:51:40,553 [INFO] PluginManage:196 - Search for loadable plugins [exclusion list=, ]
2024-10-22 20:51:40,616 [INFO] PluginManage:310 - Check plugin analytics
2024-10-22 20:51:41,266 [INFO] AnalyticsPlugin:253 - Accepted Software Licenses: 
2024-10-22 20:51:41,266 [INFO] AnalyticsPlugin:255 - Accepted CMSIS Pack Licenses: 
2024-10-22 20:51:41,267 [INFO] AnalyticsPlugin:257 - Accepted Firmware Licenses: 
2024-10-22 20:51:41,271 [INFO] PluginManage:359 - Loaded plugin analytics (category:tool,tabindex:-1)
2024-10-22 20:51:41,272 [INFO] PluginManage:310 - Check plugin cadmodel
2024-10-22 20:51:41,298 [INFO] CADModel:105 - Init CAD model plugin
2024-10-22 20:51:41,299 [INFO] PluginManage:359 - Loaded plugin cadmodel (category:power,tabindex:5)
2024-10-22 20:51:41,299 [INFO] PluginManage:310 - Check plugin clock
2024-10-22 20:51:41,369 [INFO] PluginManage:359 - Loaded plugin clock (category:base,tabindex:2)
2024-10-22 20:51:41,369 [INFO] PluginManage:310 - Check plugin ddr
2024-10-22 20:51:41,408 [INFO] PluginManage:359 - Loaded plugin ddr (category:tool,tabindex:6)
2024-10-22 20:51:41,410 [INFO] PluginManage:310 - Check plugin filemanager
2024-10-22 20:51:41,802 [INFO] PluginManage:359 - Loaded plugin filemanager (category:base,tabindex:10)
2024-10-22 20:51:41,803 [INFO] PluginManage:310 - Check plugin ipmanager
2024-10-22 20:51:41,814 [INFO] PluginManage:359 - Loaded plugin ipmanager (category:base,tabindex:5)
2024-10-22 20:51:41,815 [INFO] PluginManage:310 - Check plugin lpbam
2024-10-22 20:51:41,844 [INFO] PluginManage:359 - Loaded plugin lpbam (category:base,tabindex:0)
2024-10-22 20:51:41,844 [INFO] PluginManage:310 - Check plugin memorymap
2024-10-22 20:51:41,875 [INFO] PluginManage:359 - Loaded plugin memorymap (category:base,tabindex:4)
2024-10-22 20:51:41,876 [INFO] PluginManage:310 - Check plugin pinoutandconfiguration
2024-10-22 20:51:41,935 [INFO] PluginManage:359 - Loaded plugin pinoutandconfiguration (category:base,tabindex:1)
2024-10-22 20:51:41,935 [INFO] PluginManage:310 - Check plugin pinoutconfig
2024-10-22 20:51:42,178 [WARN] SupportedApi:132 - Cannot load RTOS API schema: s4s-elt-must-match.1: The content of 'definitions' must match (annotation?, (simpleType | complexType)?, (unique | key | keyref)*)). A problem was found starting at: attribute.
2024-10-22 20:51:42,624 [INFO] PluginManage:359 - Loaded plugin pinoutconfig (category:base,tabindex:0)
2024-10-22 20:51:42,624 [INFO] PluginManage:310 - Check plugin power
2024-10-22 20:51:42,774 [INFO] PluginManage:359 - Loaded plugin power (category:power,tabindex:4)
2024-10-22 20:51:42,774 [INFO] PluginManage:310 - Check plugin projectmanager
2024-10-22 20:51:42,836 [INFO] PluginManage:359 - Loaded plugin projectmanager (category:projectmanager,tabindex:4)
2024-10-22 20:51:42,837 [INFO] PluginManage:310 - Check plugin rif
2024-10-22 20:51:42,889 [INFO] PluginManage:359 - Loaded plugin rif (category:base,tabindex:3)
2024-10-22 20:51:42,890 [INFO] PluginManage:310 - Check plugin thirdparty
2024-10-22 20:51:43,234 [INFO] PluginManage:359 - Loaded plugin thirdparty (category:base,tabindex:-1)
2024-10-22 20:51:43,234 [INFO] PluginManage:310 - Check plugin tools
2024-10-22 20:51:43,235 [WARN] IntegrityCheckThread:84 - waiting for thirdparty lock release [integrity check]
2024-10-22 20:51:43,236 [INFO] IntegrityCheckThread:86 - entering critical section [integrity check]
2024-10-22 20:51:43,236 [INFO] ThirdPartyUpdaterWithRetryManager:70 - Updater plugin not ready yet. [1/15]
2024-10-22 20:51:43,264 [INFO] PluginManage:359 - Loaded plugin tools (category:base,tabindex:7)
2024-10-22 20:51:43,264 [INFO] PluginManage:310 - Check plugin tutovideos
2024-10-22 20:51:43,729 [INFO] PluginManage:359 - Loaded plugin tutovideos (category:base,tabindex:-1)
2024-10-22 20:51:43,729 [INFO] PluginManage:310 - Check plugin updater
2024-10-22 20:51:43,775 [INFO] PluginManage:359 - Loaded plugin updater (category:base,tabindex:12)
2024-10-22 20:51:43,776 [INFO] PluginManage:310 - Check plugin userauth
2024-10-22 20:51:43,798 [INFO] UserAuth:113 - Init User Auth plugin
2024-10-22 20:51:43,798 [INFO] PluginManage:359 - Loaded plugin userauth (category:base,tabindex:14)
2024-10-22 20:51:43,799 [INFO] PluginManage:283 - PluginManage : Loaded plugins [18]
2024-10-22 20:51:44,323 [INFO] PinOutPanel:1561 - setPackage(No Configuration,No Configuration)
2024-10-22 20:51:44,502 [INFO] CADModel:165 - CPN selected for project level
2024-10-22 20:51:44,503 [INFO] CADModel:114 - Register for checkConnection events
2024-10-22 20:51:44,557 [INFO] IPUIPlugin:80 - create IPUIPlugin
2024-10-22 20:51:44,557 [INFO] PluginManager:220 - loadIPPluginJar : add ts
2024-10-22 20:51:44,567 [INFO] IPUIPlugin:80 - create IPUIPlugin
2024-10-22 20:51:44,568 [INFO] PluginManager:220 - loadIPPluginJar : add gic
2024-10-22 20:51:44,589 [INFO] IPUIPlugin:80 - create IPUIPlugin
2024-10-22 20:51:44,592 [INFO] PluginManager:220 - loadIPPluginJar : add opamp
2024-10-22 20:51:44,596 [INFO] IPUIPlugin:80 - create IPUIPlugin
2024-10-22 20:51:44,597 [INFO] PluginManager:220 - loadIPPluginJar : add tim
2024-10-22 20:51:44,600 [INFO] IPUIPlugin:80 - create IPUIPlugin
2024-10-22 20:51:44,600 [INFO] PluginManager:220 - loadIPPluginJar : add tracer_emb
2024-10-22 20:51:44,606 [INFO] IPUIPlugin:80 - create IPUIPlugin
2024-10-22 20:51:44,606 [INFO] PluginManager:220 - loadIPPluginJar : add sai
2024-10-22 20:51:44,610 [INFO] IPUIPlugin:80 - create IPUIPlugin
2024-10-22 20:51:44,610 [INFO] PluginManager:220 - loadIPPluginJar : add cryp
2024-10-22 20:51:44,616 [INFO] IPUIPlugin:80 - create IPUIPlugin
2024-10-22 20:51:44,616 [INFO] PluginManager:220 - loadIPPluginJar : add aes
2024-10-22 20:51:44,619 [INFO] IPUIPlugin:80 - create IPUIPlugin
2024-10-22 20:51:44,619 [INFO] PluginManager:220 - loadIPPluginJar : add fatfs
2024-10-22 20:51:44,623 [INFO] IPUIPlugin:80 - create IPUIPlugin
2024-10-22 20:51:44,624 [INFO] PluginManager:220 - loadIPPluginJar : add extmemmanager
2024-10-22 20:51:44,628 [INFO] IPUIPlugin:80 - create IPUIPlugin
2024-10-22 20:51:44,628 [INFO] PluginManager:220 - loadIPPluginJar : add can
2024-10-22 20:51:44,631 [INFO] IPUIPlugin:80 - create IPUIPlugin
2024-10-22 20:51:44,631 [INFO] PluginManager:220 - loadIPPluginJar : add ltdc
2024-10-22 20:51:44,642 [INFO] IPUIPlugin:80 - create IPUIPlugin
2024-10-22 20:51:44,642 [INFO] PluginManager:220 - loadIPPluginJar : add i3c
2024-10-22 20:51:44,647 [INFO] IPUIPlugin:80 - create IPUIPlugin
2024-10-22 20:51:44,647 [INFO] PluginManager:220 - loadIPPluginJar : add openamp
2024-10-22 20:51:44,673 [INFO] IPUIPlugin:80 - create IPUIPlugin
2024-10-22 20:51:44,674 [INFO] PluginManager:220 - loadIPPluginJar : add gpio
2024-10-22 20:51:44,688 [INFO] IPUIPlugin:80 - create IPUIPlugin
2024-10-22 20:51:44,688 [INFO] PluginManager:220 - loadIPPluginJar : add resmgrutility
2024-10-22 20:51:44,711 [INFO] IPUIPlugin:80 - create IPUIPlugin
2024-10-22 20:51:44,711 [INFO] PluginManager:220 - loadIPPluginJar : add freertos
2024-10-22 20:51:44,717 [INFO] IPUIPlugin:80 - create IPUIPlugin
2024-10-22 20:51:44,717 [INFO] PluginManager:220 - loadIPPluginJar : add i2c
2024-10-22 20:51:44,721 [INFO] IPUIPlugin:80 - create IPUIPlugin
2024-10-22 20:51:44,722 [INFO] PluginManager:220 - loadIPPluginJar : add usart
2024-10-22 20:51:44,728 [INFO] IPUIPlugin:80 - create IPUIPlugin
2024-10-22 20:51:44,728 [INFO] PluginManager:220 - loadIPPluginJar : add gtzc
2024-10-22 20:51:44,736 [INFO] IPUIPlugin:80 - create IPUIPlugin
2024-10-22 20:51:44,736 [INFO] PluginManager:220 - loadIPPluginJar : add i2s
2024-10-22 20:51:44,775 [INFO] IPUIPlugin:80 - create IPUIPlugin
2024-10-22 20:51:44,775 [INFO] PluginManager:220 - loadIPPluginJar : add adc
2024-10-22 20:51:44,782 [INFO] IPUIPlugin:80 - create IPUIPlugin
2024-10-22 20:51:44,783 [INFO] PluginManager:220 - loadIPPluginJar : add usbx
2024-10-22 20:51:44,791 [INFO] IPUIPlugin:80 - create IPUIPlugin
2024-10-22 20:51:44,794 [INFO] PluginManager:220 - loadIPPluginJar : add lorawan
2024-10-22 20:51:44,823 [INFO] IPUIPlugin:80 - create IPUIPlugin
2024-10-22 20:51:44,823 [INFO] PluginManager:220 - loadIPPluginJar : add dma
2024-10-22 20:51:44,841 [INFO] IPUIPlugin:80 - create IPUIPlugin
2024-10-22 20:51:44,844 [INFO] PluginManager:220 - loadIPPluginJar : add linkedlist
2024-10-22 20:51:44,851 [INFO] IPUIPlugin:80 - create IPUIPlugin
2024-10-22 20:51:44,851 [INFO] PluginManager:220 - loadIPPluginJar : add pdm2pcm
2024-10-22 20:51:44,855 [INFO] IPUIPlugin:80 - create IPUIPlugin
2024-10-22 20:51:44,855 [INFO] PluginManager:220 - loadIPPluginJar : add spi
2024-10-22 20:51:44,858 [INFO] IPUIPlugin:80 - create IPUIPlugin
2024-10-22 20:51:44,859 [INFO] PluginManager:220 - loadIPPluginJar : add ucpd
2024-10-22 20:51:44,864 [INFO] IPUIPlugin:80 - create IPUIPlugin
2024-10-22 20:51:44,864 [INFO] PluginManager:220 - loadIPPluginJar : add dma3
2024-10-22 20:51:44,878 [INFO] IPUIPlugin:80 - create IPUIPlugin
2024-10-22 20:51:44,879 [INFO] PluginManager:220 - loadIPPluginJar : add touchsensing
2024-10-22 20:51:44,893 [INFO] IPUIPlugin:80 - create IPUIPlugin
2024-10-22 20:51:44,893 [INFO] PluginManager:220 - loadIPPluginJar : add fmc
2024-10-22 20:51:44,901 [INFO] IPUIPlugin:80 - create IPUIPlugin
2024-10-22 20:51:44,902 [INFO] PluginManager:220 - loadIPPluginJar : add stm32_wpan
2024-10-22 20:51:44,904 [INFO] IPUIPlugin:80 - create IPUIPlugin
2024-10-22 20:51:44,904 [INFO] PluginManager:220 - loadIPPluginJar : add genericplugin
2024-10-22 20:51:44,907 [INFO] IPUIPlugin:80 - create IPUIPlugin
2024-10-22 20:51:44,907 [INFO] PluginManager:220 - loadIPPluginJar : add comp
2024-10-22 20:51:44,931 [INFO] IPUIPlugin:80 - create IPUIPlugin
2024-10-22 20:51:44,931 [INFO] PluginManager:220 - loadIPPluginJar : add ddr_ctrl_phy
2024-10-22 20:51:44,949 [INFO] IPUIPlugin:80 - create IPUIPlugin
2024-10-22 20:51:44,951 [INFO] PluginManager:220 - loadIPPluginJar : add mdma
2024-10-22 20:51:44,961 [INFO] IPUIPlugin:80 - create IPUIPlugin
2024-10-22 20:51:44,961 [INFO] PluginManager:220 - loadIPPluginJar : add quadspi
2024-10-22 20:51:44,970 [INFO] IPUIPlugin:80 - create IPUIPlugin
2024-10-22 20:51:44,970 [INFO] PluginManager:220 - loadIPPluginJar : add hash
2024-10-22 20:51:44,979 [INFO] IPUIPlugin:80 - create IPUIPlugin
2024-10-22 20:51:44,979 [INFO] PluginManager:220 - loadIPPluginJar : add dfsdm
2024-10-22 20:51:45,004 [INFO] IPUIPlugin:80 - create IPUIPlugin
2024-10-22 20:51:45,004 [INFO] PluginManager:220 - loadIPPluginJar : add ipddr
2024-10-22 20:51:45,008 [INFO] IPUIPlugin:80 - create IPUIPlugin
2024-10-22 20:51:45,014 [INFO] PluginManager:220 - loadIPPluginJar : add radio
2024-10-22 20:51:45,020 [INFO] IPUIPlugin:80 - create IPUIPlugin
2024-10-22 20:51:45,020 [INFO] PluginManager:220 - loadIPPluginJar : add tsc
2024-10-22 20:51:45,038 [INFO] IPUIPlugin:80 - create IPUIPlugin
2024-10-22 20:51:45,038 [INFO] PluginManager:220 - loadIPPluginJar : add nvic
2024-10-22 20:51:45,042 [INFO] IPUIPlugin:80 - create IPUIPlugin
2024-10-22 20:51:45,042 [INFO] PluginManager:220 - loadIPPluginJar : add gfxmmu
2024-10-22 20:51:45,059 [INFO] IPUIPlugin:80 - create IPUIPlugin
2024-10-22 20:51:45,063 [INFO] PluginManager:220 - loadIPPluginJar : add plateformsettings
2024-10-22 20:51:45,220 [INFO] CADModel:165 - CPN selected for project level
2024-10-22 20:51:45,220 [INFO] CADModel:114 - Register for checkConnection events
2024-10-22 20:51:45,221 [FATAL] Updater:334 - Updater called before beeing initialized
2024-10-22 20:51:45,221 [ERROR] CADModel:125 - Updater not yet initialized, retry later 
2024-10-22 20:51:45,642 [INFO] CADModel:165 - CPN selected for project level
2024-10-22 20:51:45,642 [INFO] CADModel:114 - Register for checkConnection events
2024-10-22 20:51:45,643 [FATAL] Updater:334 - Updater called before beeing initialized
2024-10-22 20:51:45,643 [ERROR] CADModel:125 - Updater not yet initialized, retry later 
2024-10-22 20:51:45,655 [FATAL] Updater:334 - Updater called before beeing initialized
2024-10-22 20:51:45,869 [FATAL] Updater:334 - Updater called before beeing initialized
2024-10-22 20:51:45,891 [INFO] DbMcusAds:53 - JSON generation date=Fri Sep 20 18:34:23 IST 2024 (1726837463113)
2024-10-22 20:51:45,892 [FATAL] Updater:334 - Updater called before beeing initialized
2024-10-22 20:51:46,101 [WARN] DetailPanel:346 - Failed to get advertising image, set to default
2024-10-22 20:51:46,237 [INFO] ThirdPartyUpdaterWithRetryManager:70 - Updater plugin not ready yet. [2/15]
2024-10-22 20:51:46,273 [FATAL] Updater:334 - Updater called before beeing initialized
2024-10-22 20:51:46,275 [FATAL] Updater:334 - Updater called before beeing initialized
2024-10-22 20:51:46,275 [FATAL] Updater:334 - Updater called before beeing initialized
2024-10-22 20:51:46,275 [WARN] DetailPanel:346 - Failed to get advertising image, set to default
2024-10-22 20:51:46,277 [FATAL] Updater:334 - Updater called before beeing initialized
2024-10-22 20:51:46,370 [ERROR] Updater:1164 - MainUpdater not yet initialized. External WinMGr cannot be set.
2024-10-22 20:51:46,377 [INFO] Updater:1100 - Updater Version found : 6.12.1
2024-10-22 20:51:46,405 [INFO] ApplicationProperties:184 - Using Application install path: /opt/st/stm32cubeide_1.16.1/plugins/com.st.stm32cube.common.mx_6.12.1.202409122256
2024-10-22 20:51:46,443 [ERROR] LogOutputStream:75 - [STDERR_REDIRECT] Oct 22, 2024 8:51:46 PM java.util.prefs.FileSystemPreferences$2 run
2024-10-22 20:51:46,444 [ERROR] LogOutputStream:75 - [STDERR_REDIRECT] WARNING: Could not create system preferences directory. System preferences are unusable.
2024-10-22 20:51:46,444 [ERROR] LogOutputStream:75 - [STDERR_REDIRECT] 
2024-10-22 20:51:47,064 [INFO] MainUpdater:2873 - connection check result : 10
2024-10-22 20:51:47,065 [INFO] MainUpdater:290 - Updater Check For Update Now.
2024-10-22 20:51:47,065 [INFO] MicroXplorer:498 - Change Database Version : DB.6.0.121
2024-10-22 20:51:47,076 [INFO] McuFinderGlobals:63 - Set McuFinder mode to 2 (CubeIDE integrated)
2024-10-22 20:51:47,076 [INFO] UserAuth:179 - activating auth plugin
2024-10-22 20:51:47,089 [INFO] UserAuth:417 - Internet connection configuration mode: 1
2024-10-22 20:51:47,213 [INFO] JxBrowserEngine:152 - Initiate JxBrowser Engine with user profile folder
2024-10-22 20:51:47,463 [INFO] CheckServerUpdateThread:120 - End of CheckServer Thread
2024-10-22 20:51:51,114 [WARN] PackLoader:240 - Cannot read IP mode file for STMicroelectronics.FP-SNS-MOTENVWB1.1.4.0
2024-10-22 20:51:51,155 [WARN] PackLoader:240 - Cannot read IP mode file for STMicroelectronics.X-CUBE-SMBUS.2.1.0
2024-10-22 20:51:51,201 [WARN] PackLoader:240 - Cannot read IP mode file for STMicroelectronics.X-CUBE-WB05N.1.1.0
2024-10-22 20:51:51,302 [WARN] PackLoader:240 - Cannot read IP mode file for STMicroelectronics.X-CUBE-AZRTOS-F7.1.1.0
2024-10-22 20:51:51,555 [WARN] PackLoader:240 - Cannot read IP mode file for STMicroelectronics.X-CUBE-MEMS1.11.0.0
2024-10-22 20:51:52,136 [WARN] PackLoader:240 - Cannot read IP mode file for STMicroelectronics.FP-SNS-FLIGHT1.5.0.2
2024-10-22 20:51:52,180 [WARN] PackLoader:240 - Cannot read IP mode file for STMicroelectronics.X-CUBE-DISPLAY.3.0.0
2024-10-22 20:51:52,220 [WARN] PackLoader:240 - Cannot read IP mode file for STMicroelectronics.X-CUBE-BLE1.7.0.0
2024-10-22 20:51:52,253 [WARN] PackLoader:240 - Cannot read IP mode file for STMicroelectronics.X-CUBE-NFC10.1.0.0
2024-10-22 20:51:52,286 [WARN] PackLoader:240 - Cannot read IP mode file for emotas.I-CUBE-CANOPEN.1.3.0
2024-10-22 20:51:52,346 [WARN] PackLoader:240 - Cannot read IP mode file for STMicroelectronics.X-CUBE-BLEMGR.3.1.0
2024-10-22 20:51:52,362 [WARN] PackLoader:240 - Cannot read IP mode file for STMicroelectronics.FP-SNS-SMARTAG2.1.2.0
2024-10-22 20:51:52,405 [INFO] LogOutputStream:77 - [STDOUT_REDIRECT] 1 : Invalid condition id : UX_CORESTACK_Condition cause : null
2024-10-22 20:51:52,406 [INFO] LogOutputStream:77 - [STDOUT_REDIRECT] 1 : Invalid condition id : UX_CORESTACK_Condition cause : null
2024-10-22 20:51:52,407 [INFO] LogOutputStream:77 - [STDOUT_REDIRECT] 1 : Invalid condition id : UX_CORESTACK_Condition cause : null
2024-10-22 20:51:52,407 [INFO] LogOutputStream:77 - [STDOUT_REDIRECT] 1 : Invalid condition id : UX_CORESTACK_Condition cause : null
2024-10-22 20:51:52,408 [INFO] LogOutputStream:77 - [STDOUT_REDIRECT] 1 : Invalid condition id : UX_CORESTACK_Condition cause : null
2024-10-22 20:51:52,414 [WARN] PackLoader:240 - Cannot read IP mode file for STMicroelectronics.X-CUBE-AZRTOS-WL.2.0.0
2024-10-22 20:51:52,474 [WARN] PackLoader:240 - Cannot read IP mode file for STMicroelectronics.FP-SNS-MOTENV1.5.0.0
2024-10-22 20:51:52,516 [WARN] PackLoader:240 - Cannot read IP mode file for wolfSSL.I-CUBE-wolfMQTT.1.19.0
2024-10-22 20:51:52,544 [WARN] PackLoader:240 - Cannot read IP mode file for WES.I-CUBE-Cesium.1.3.0
2024-10-22 20:51:52,586 [WARN] PackLoader:240 - Cannot read IP mode file for STMicroelectronics.X-CUBE-BLE2.3.3.0
2024-10-22 20:51:52,617 [WARN] PackLoader:240 - Cannot read IP mode file for STMicroelectronics.X-CUBE-NFC9.1.0.0
2024-10-22 20:51:52,650 [WARN] PackLoader:240 - Cannot read IP mode file for STMicroelectronics.X-CUBE-TCPP.4.1.0
2024-10-22 20:51:53,071 [WARN] PackLoader:240 - Cannot read IP mode file for STMicroelectronics.X-CUBE-AZRTOS-G0.1.1.0
2024-10-22 20:51:53,237 [WARN] PackLoader:240 - Cannot read IP mode file for STMicroelectronics.X-CUBE-SAFEA1.1.2.2
2024-10-22 20:51:53,475 [WARN] PackLoader:240 - Cannot read IP mode file for STMicroelectronics.X-CUBE-NFC4.3.0.0
2024-10-22 20:51:53,502 [WARN] PackLoader:240 - Cannot read IP mode file for EmbeddedOffice.I-CUBE-FS-RTOS.1.0.1
2024-10-22 20:51:53,503 [ERROR] ConditionMgr:805 - Attr not supported : Dmpu
2024-10-22 20:51:53,503 [ERROR] ConditionMgr:805 - Attr not supported : Dmpu
2024-10-22 20:51:53,503 [ERROR] ConditionMgr:805 - Attr not supported : Dmpu
2024-10-22 20:51:53,505 [ERROR] ConditionMgr:805 - Attr not supported : Dmpu
2024-10-22 20:51:53,505 [ERROR] ConditionMgr:805 - Attr not supported : Dmpu
2024-10-22 20:51:53,505 [ERROR] ConditionMgr:805 - Attr not supported : Dmpu
2024-10-22 20:51:53,505 [ERROR] ConditionMgr:805 - Attr not supported : Dmpu
2024-10-22 20:51:53,506 [ERROR] ConditionMgr:805 - Attr not supported : Dmpu
2024-10-22 20:51:53,506 [ERROR] ConditionMgr:805 - Attr not supported : Dmpu
2024-10-22 20:51:53,506 [ERROR] ConditionMgr:805 - Attr not supported : Dmpu
2024-10-22 20:51:53,506 [ERROR] ConditionMgr:805 - Attr not supported : Dmpu
2024-10-22 20:51:53,506 [ERROR] ConditionMgr:805 - Attr not supported : Dmpu
2024-10-22 20:51:53,507 [ERROR] ConditionMgr:805 - Attr not supported : Dmpu
2024-10-22 20:51:53,508 [ERROR] ConditionMgr:805 - Attr not supported : Dmpu
2024-10-22 20:51:53,508 [ERROR] ConditionMgr:805 - Attr not supported : Dmpu
2024-10-22 20:51:53,508 [ERROR] ConditionMgr:805 - Attr not supported : Dmpu
2024-10-22 20:51:53,508 [ERROR] ConditionMgr:805 - Attr not supported : Dmpu
2024-10-22 20:51:53,508 [ERROR] ConditionMgr:805 - Attr not supported : Dmpu
2024-10-22 20:51:53,509 [ERROR] ConditionMgr:805 - Attr not supported : Dmpu
2024-10-22 20:51:53,509 [ERROR] ConditionMgr:805 - Attr not supported : Dmpu
2024-10-22 20:51:53,509 [ERROR] ConditionMgr:805 - Attr not supported : Dmpu
2024-10-22 20:51:53,509 [ERROR] ConditionMgr:805 - Attr not supported : Dmpu
2024-10-22 20:51:53,509 [ERROR] ConditionMgr:805 - Attr not supported : Dmpu
2024-10-22 20:51:53,510 [ERROR] ConditionMgr:805 - Attr not supported : Dmpu
2024-10-22 20:51:53,510 [ERROR] ConditionMgr:805 - Attr not supported : Dmpu
2024-10-22 20:51:53,510 [ERROR] ConditionMgr:805 - Attr not supported : Dmpu
2024-10-22 20:51:53,510 [ERROR] ConditionMgr:805 - Attr not supported : Dmpu
2024-10-22 20:51:53,510 [ERROR] ConditionMgr:805 - Attr not supported : Dmpu
2024-10-22 20:51:53,511 [ERROR] ConditionMgr:805 - Attr not supported : Dmpu
2024-10-22 20:51:53,511 [ERROR] ConditionMgr:805 - Attr not supported : Dmpu
2024-10-22 20:51:53,511 [ERROR] ConditionMgr:805 - Attr not supported : Dmpu
2024-10-22 20:51:53,511 [ERROR] ConditionMgr:805 - Attr not supported : Dmpu
2024-10-22 20:51:53,511 [ERROR] ConditionMgr:805 - Attr not supported : Dmpu
2024-10-22 20:51:53,512 [ERROR] ConditionMgr:805 - Attr not supported : Dmpu
2024-10-22 20:51:53,512 [ERROR] ConditionMgr:805 - Attr not supported : Dmpu
2024-10-22 20:51:53,512 [ERROR] ConditionMgr:805 - Attr not supported : Dmpu
2024-10-22 20:51:53,512 [ERROR] ConditionMgr:805 - Attr not supported : Dmpu
2024-10-22 20:51:53,512 [ERROR] ConditionMgr:805 - Attr not supported : Dmpu
2024-10-22 20:51:53,512 [ERROR] ConditionMgr:805 - Attr not supported : Dmpu
2024-10-22 20:51:53,513 [ERROR] ConditionMgr:805 - Attr not supported : Dmpu
2024-10-22 20:51:53,513 [ERROR] ConditionMgr:805 - Attr not supported : Dmpu
2024-10-22 20:51:53,513 [ERROR] ConditionMgr:805 - Attr not supported : Dmpu
2024-10-22 20:51:53,513 [ERROR] ConditionMgr:805 - Attr not supported : Dmpu
2024-10-22 20:51:53,513 [ERROR] ConditionMgr:805 - Attr not supported : Dmpu
2024-10-22 20:51:53,514 [ERROR] ConditionMgr:805 - Attr not supported : Dmpu
2024-10-22 20:51:53,514 [ERROR] ConditionMgr:805 - Attr not supported : Dmpu
2024-10-22 20:51:53,514 [ERROR] ConditionMgr:805 - Attr not supported : Dmpu
2024-10-22 20:51:53,514 [ERROR] ConditionMgr:805 - Attr not supported : Dmpu
2024-10-22 20:51:53,516 [ERROR] ConditionMgr:805 - Attr not supported : Dmpu
2024-10-22 20:51:53,516 [ERROR] ConditionMgr:805 - Attr not supported : Dmpu
2024-10-22 20:51:53,516 [ERROR] ConditionMgr:805 - Attr not supported : Dmpu
2024-10-22 20:51:53,516 [ERROR] ConditionMgr:805 - Attr not supported : Dmpu
2024-10-22 20:51:53,517 [ERROR] ConditionMgr:805 - Attr not supported : Dmpu
2024-10-22 20:51:53,517 [ERROR] ConditionMgr:805 - Attr not supported : Dmpu
2024-10-22 20:51:53,517 [ERROR] ConditionMgr:805 - Attr not supported : Dmpu
2024-10-22 20:51:53,517 [ERROR] ConditionMgr:805 - Attr not supported : Dmpu
2024-10-22 20:51:53,518 [ERROR] ConditionMgr:805 - Attr not supported : Dmpu
2024-10-22 20:51:53,518 [ERROR] ConditionMgr:805 - Attr not supported : Dmpu
2024-10-22 20:51:53,518 [ERROR] ConditionMgr:805 - Attr not supported : Dmpu
2024-10-22 20:51:53,518 [ERROR] ConditionMgr:805 - Attr not supported : Dmpu
2024-10-22 20:51:53,518 [ERROR] ConditionMgr:805 - Attr not supported : Dmpu
2024-10-22 20:51:53,518 [ERROR] ConditionMgr:805 - Attr not supported : Dmpu
2024-10-22 20:51:53,519 [ERROR] ConditionMgr:805 - Attr not supported : Dmpu
2024-10-22 20:51:53,519 [ERROR] ConditionMgr:805 - Attr not supported : Dmpu
2024-10-22 20:51:53,555 [WARN] PackLoader:240 - Cannot read IP mode file for RealThread.X-CUBE-RT-Thread_Nano.4.1.1
2024-10-22 20:51:53,593 [WARN] PackLoader:240 - Cannot read IP mode file for STMicroelectronics.FP-ATR-SIGFOX1.3.2.0
2024-10-22 20:51:53,674 [WARN] PackLoader:240 - Cannot read IP mode file for wolfSSL.I-CUBE-wolfSSL.5.7.2
2024-10-22 20:51:53,683 [WARN] PackLoader:240 - Cannot read IP mode file for STMicroelectronics.X-CUBE-EEPRMA1.5.1.0
2024-10-22 20:51:53,699 [WARN] PackLoader:240 - Cannot read IP mode file for ITTIA_DB.I-CUBE-ITTIADB.8.9.0
2024-10-22 20:51:53,763 [WARN] PackLoader:240 - Cannot read IP mode file for SEGGER.I-CUBE-embOS.1.3.1
2024-10-22 20:51:54,047 [WARN] PackLoader:240 - Cannot read IP mode file for STMicroelectronics.X-CUBE-ALGOBUILD.1.4.0
2024-10-22 20:51:54,058 [WARN] PackLoader:240 - Cannot read IP mode file for STMicroelectronics.X-CUBE-AI.9.1.0
2024-10-22 20:51:54,132 [WARN] PackLoader:240 - Cannot read IP mode file for STMicroelectronics.X-CUBE-AZRTOS-F4.1.1.0
2024-10-22 20:51:54,170 [WARN] PackLoader:240 - Cannot read IP mode file for STMicroelectronics.X-CUBE-ISPU.2.1.0
2024-10-22 20:51:54,196 [WARN] PackLoader:240 - Cannot read IP mode file for STMicroelectronics.X-CUBE-FREERTOS.1.2.0
2024-10-22 20:51:54,344 [WARN] PackLoader:240 - Cannot read IP mode file for STMicroelectronics.X-CUBE-AZRTOS-L5.2.0.0
2024-10-22 20:51:54,390 [WARN] PackLoader:240 - Cannot read IP mode file for STMicroelectronics.X-CUBE-NFC6.3.1.0
2024-10-22 20:51:54,450 [WARN] PackLoader:240 - Cannot read IP mode file for STMicroelectronics.X-CUBE-DPower.1.2.0
2024-10-22 20:51:54,459 [WARN] PackLoader:240 - Cannot read IP mode file for STMicroelectronics.X-CUBE-NFC7.1.0.1
2024-10-22 20:51:54,541 [WARN] ConditionMgr:438 - getConditionDescription Invalid condition id : LAN8742 Phy interface Condition cause : null
2024-10-22 20:51:54,542 [WARN] PackLoader:240 - Cannot read IP mode file for STMicroelectronics.X-CUBE-AZRTOS-L4.2.0.0
2024-10-22 20:51:54,544 [WARN] ConditionMgr:1039 - genDependencies : Invalid condition id : LAN8742 Phy interface Condition cause : null
2024-10-22 20:51:54,544 [WARN] ConditionMgr:1039 - genDependencies : Invalid condition id : LAN8742 Phy interface Condition cause : null
2024-10-22 20:51:54,545 [WARN] ConditionMgr:1039 - genDependencies : Invalid condition id : LAN8742 Phy interface Condition cause : null
2024-10-22 20:51:54,696 [WARN] PackLoader:240 - Cannot read IP mode file for STMicroelectronics.X-CUBE-SFXS2LP1.4.0.0
2024-10-22 20:51:54,824 [WARN] PackLoader:240 - Cannot read IP mode file for STMicroelectronics.X-CUBE-AZRTOS-H7.3.3.0
2024-10-22 20:51:54,878 [WARN] PackLoader:240 - Cannot read IP mode file for STMicroelectronics.X-CUBE-IPS.3.0.0
2024-10-22 20:51:54,946 [WARN] ConditionMgr:438 - getConditionDescription Invalid condition id : UX DEVICE CLASS RTOS Condition cause : null
2024-10-22 20:51:54,946 [WARN] ConditionMgr:438 - getConditionDescription Invalid condition id : UX DEVICE CLASS RTOS Condition cause : null
2024-10-22 20:51:54,952 [WARN] PackLoader:240 - Cannot read IP mode file for STMicroelectronics.X-CUBE-AZRTOS-WB.2.0.0
2024-10-22 20:51:54,954 [WARN] ConditionMgr:1039 - genDependencies : Invalid condition id : UX DEVICE CLASS RTOS Condition cause : null
2024-10-22 20:51:54,954 [WARN] ConditionMgr:1039 - genDependencies : Invalid condition id : UX DEVICE CLASS RTOS Condition cause : null
2024-10-22 20:51:54,955 [WARN] ConditionMgr:1039 - genDependencies : Invalid condition id : UX DEVICE CLASS RTOS Condition cause : null
2024-10-22 20:51:54,956 [WARN] ConditionMgr:1039 - genDependencies : Invalid condition id : UX DEVICE CLASS RTOS Condition cause : null
2024-10-22 20:51:54,956 [WARN] ConditionMgr:1039 - genDependencies : Invalid condition id : UX DEVICE CLASS RTOS Condition cause : null
2024-10-22 20:51:54,969 [WARN] PackLoader:240 - Cannot read IP mode file for STMicroelectronics.X-CUBE-GNSS1.7.0.0
2024-10-22 20:51:55,012 [WARN] PackLoader:240 - Cannot read IP mode file for STMicroelectronics.FP-SNS-STBOX1.2.0.0
2024-10-22 20:51:55,051 [WARN] PackLoader:240 - Cannot read IP mode file for STMicroelectronics.X-CUBE-SUBG2.5.0.0
2024-10-22 20:51:55,134 [WARN] PackLoader:240 - Cannot read IP mode file for Cesanta.I-CUBE-Mongoose.7.13.0
2024-10-22 20:51:55,342 [WARN] PackLoader:240 - Cannot read IP mode file for STMicroelectronics.X-CUBE-AZRTOS-G4.2.0.0
2024-10-22 20:51:55,386 [WARN] PackLoader:240 - Cannot read IP mode file for STMicroelectronics.X-CUBE-ALS.1.0.2
2024-10-22 20:51:55,462 [WARN] PackLoader:240 - Cannot read IP mode file for STMicroelectronics.X-CUBE-TOUCHGFX.4.24.1
2024-10-22 20:51:55,525 [WARN] PackLoader:240 - Cannot read IP mode file for wolfSSL.I-CUBE-wolfTPM.3.4.0
2024-10-22 20:51:55,560 [WARN] PackLoader:240 - Cannot read IP mode file for portGmbH.I-Cube-SoM-uGOAL.1.1.0
2024-10-22 20:51:55,760 [WARN] PackLoader:240 - Cannot read IP mode file for STMicroelectronics.X-CUBE-AZRTOS-H7RS.1.0.0
2024-10-22 20:51:55,821 [WARN] PackLoader:240 - Cannot read IP mode file for STMicroelectronics.FP-ATR-ASTRA1.2.0.0
2024-10-22 20:51:55,987 [WARN] PackLoader:240 - Cannot read IP mode file for STMicroelectronics.X-CUBE-TOF1.3.4.2
2024-10-22 20:51:56,179 [WARN] PackLoader:240 - Cannot read IP mode file for Infineon.AIROC-Wi-Fi-Bluetooth-STM32.1.6.1
2024-10-22 20:51:56,193 [WARN] PackLoader:240 - Cannot read IP mode file for wolfSSL.I-CUBE-wolfSSH.1.4.17
2024-10-22 20:51:56,194 [INFO] ThirdParty:978 - Integrity check success = true
2024-10-22 20:51:56,194 [INFO] IntegrityCheckThread:100 - exiting critical section [integrity check]
2024-10-22 20:51:56,195 [INFO] IntegrityCheckThread:103 - End integrity checks thread
2024-10-22 20:51:59,888 [ERROR] LogOutputStream:75 - [STDERR_REDIRECT] Oct 22, 2024 8:51:59 PM java.util.prefs.FileSystemPreferences checkLockFile0ErrorCode
2024-10-22 20:51:59,890 [ERROR] LogOutputStream:75 - [STDERR_REDIRECT] WARNING: Could not lock System prefs. Unix error code 2.
2024-10-22 20:51:59,892 [ERROR] LogOutputStream:75 - [STDERR_REDIRECT] 
2024-10-22 20:51:59,894 [ERROR] LogOutputStream:75 - [STDERR_REDIRECT] Oct 22, 2024 8:51:59 PM java.util.prefs.FileSystemPreferences syncWorld
2024-10-22 20:51:59,896 [ERROR] LogOutputStream:75 - [STDERR_REDIRECT] WARNING: Couldn't flush system prefs: java.util.prefs.BackingStoreException: Couldn't get file lock.
2024-10-22 20:51:59,897 [ERROR] LogOutputStream:75 - [STDERR_REDIRECT] 
2024-10-22 20:52:09,560 [INFO] WebApp:167 - Instantiating new browser for Auth
2024-10-22 20:52:24,118 [INFO] WebApp:448 - Apply proxy settings
2024-10-22 20:52:24,118 [INFO] WebApp:533 - Chromium requires no authentication
2024-10-22 20:52:24,595 [INFO] WebApp:476 - Direct internet connection detected
2024-10-22 20:52:24,847 [INFO] WebApp:869 - Register for checkConnection events
2024-10-22 20:52:24,847 [INFO] WebApp:448 - Apply proxy settings
2024-10-22 20:52:24,847 [INFO] WebApp:533 - Chromium requires no authentication
2024-10-22 20:52:24,849 [INFO] WebApp:476 - Direct internet connection detected
2024-10-22 20:52:27,288 [INFO] WebApp:220 - Starting web application
2024-10-22 20:52:27,289 [INFO] WebApp:578 - Web application path used /opt/st/stm32cubeide_1.16.1/plugins/com.st.stm32cube.common.mx_6.12.1.202409122256/db/plugins/mcufinder/reactClient1/index.html
2024-10-22 20:52:28,181 [INFO] WebApp:186 - Connection restablished
2024-10-22 20:52:29,857 [ERROR] LogOutputStream:75 - [STDERR_REDIRECT] Oct 22, 2024 8:52:29 PM java.util.prefs.FileSystemPreferences checkLockFile0ErrorCode
2024-10-22 20:52:29,857 [ERROR] LogOutputStream:75 - [STDERR_REDIRECT] WARNING: Could not lock System prefs. Unix error code 2.
2024-10-22 20:52:29,858 [ERROR] LogOutputStream:75 - [STDERR_REDIRECT] 
2024-10-22 20:52:29,858 [ERROR] LogOutputStream:75 - [STDERR_REDIRECT] Oct 22, 2024 8:52:29 PM java.util.prefs.FileSystemPreferences syncWorld
2024-10-22 20:52:29,859 [ERROR] LogOutputStream:75 - [STDERR_REDIRECT] WARNING: Couldn't flush system prefs: java.util.prefs.BackingStoreException: Couldn't get file lock.
2024-10-22 20:52:29,859 [ERROR] LogOutputStream:75 - [STDERR_REDIRECT] 
2024-10-22 20:52:59,860 [ERROR] LogOutputStream:75 - [STDERR_REDIRECT] Oct 22, 2024 8:52:59 PM java.util.prefs.FileSystemPreferences checkLockFile0ErrorCode
2024-10-22 20:52:59,861 [ERROR] LogOutputStream:75 - [STDERR_REDIRECT] WARNING: Could not lock System prefs. Unix error code 2.
2024-10-22 20:52:59,861 [ERROR] LogOutputStream:75 - [STDERR_REDIRECT] 
2024-10-22 20:52:59,862 [ERROR] LogOutputStream:75 - [STDERR_REDIRECT] Oct 22, 2024 8:52:59 PM java.util.prefs.FileSystemPreferences syncWorld
2024-10-22 20:52:59,863 [ERROR] LogOutputStream:75 - [STDERR_REDIRECT] WARNING: Couldn't flush system prefs: java.util.prefs.BackingStoreException: Couldn't get file lock.
2024-10-22 20:52:59,863 [ERROR] LogOutputStream:75 - [STDERR_REDIRECT] 
2024-10-22 20:53:29,861 [ERROR] LogOutputStream:75 - [STDERR_REDIRECT] Oct 22, 2024 8:53:29 PM java.util.prefs.FileSystemPreferences checkLockFile0ErrorCode
2024-10-22 20:53:29,862 [ERROR] LogOutputStream:75 - [STDERR_REDIRECT] WARNING: Could not lock System prefs. Unix error code 2.
2024-10-22 20:53:29,862 [ERROR] LogOutputStream:75 - [STDERR_REDIRECT] 
2024-10-22 20:53:29,863 [ERROR] LogOutputStream:75 - [STDERR_REDIRECT] Oct 22, 2024 8:53:29 PM java.util.prefs.FileSystemPreferences syncWorld
2024-10-22 20:53:29,864 [ERROR] LogOutputStream:75 - [STDERR_REDIRECT] WARNING: Couldn't flush system prefs: java.util.prefs.BackingStoreException: Couldn't get file lock.
2024-10-22 20:53:29,864 [ERROR] LogOutputStream:75 - [STDERR_REDIRECT] 
2024-10-22 20:53:59,862 [ERROR] LogOutputStream:75 - [STDERR_REDIRECT] Oct 22, 2024 8:53:59 PM java.util.prefs.FileSystemPreferences checkLockFile0ErrorCode
2024-10-22 20:53:59,863 [ERROR] LogOutputStream:75 - [STDERR_REDIRECT] WARNING: Could not lock System prefs. Unix error code 2.
2024-10-22 20:53:59,864 [ERROR] LogOutputStream:75 - [STDERR_REDIRECT] 
2024-10-22 20:53:59,866 [ERROR] LogOutputStream:75 - [STDERR_REDIRECT] Oct 22, 2024 8:53:59 PM java.util.prefs.FileSystemPreferences syncWorld
2024-10-22 20:53:59,867 [ERROR] LogOutputStream:75 - [STDERR_REDIRECT] WARNING: Couldn't flush system prefs: java.util.prefs.BackingStoreException: Couldn't get file lock.
2024-10-22 20:53:59,867 [ERROR] LogOutputStream:75 - [STDERR_REDIRECT] 
2024-10-22 20:54:29,861 [ERROR] LogOutputStream:75 - [STDERR_REDIRECT] Oct 22, 2024 8:54:29 PM java.util.prefs.FileSystemPreferences checkLockFile0ErrorCode
2024-10-22 20:54:29,862 [ERROR] LogOutputStream:75 - [STDERR_REDIRECT] WARNING: Could not lock System prefs. Unix error code 2.
2024-10-22 20:54:29,863 [ERROR] LogOutputStream:75 - [STDERR_REDIRECT] 
2024-10-22 20:54:29,865 [ERROR] LogOutputStream:75 - [STDERR_REDIRECT] Oct 22, 2024 8:54:29 PM java.util.prefs.FileSystemPreferences syncWorld
2024-10-22 20:54:29,865 [ERROR] LogOutputStream:75 - [STDERR_REDIRECT] WARNING: Couldn't flush system prefs: java.util.prefs.BackingStoreException: Couldn't get file lock.
2024-10-22 20:54:29,866 [ERROR] LogOutputStream:75 - [STDERR_REDIRECT] 
2024-10-22 20:54:59,858 [ERROR] LogOutputStream:75 - [STDERR_REDIRECT] Oct 22, 2024 8:54:59 PM java.util.prefs.FileSystemPreferences checkLockFile0ErrorCode
2024-10-22 20:54:59,858 [ERROR] LogOutputStream:75 - [STDERR_REDIRECT] WARNING: Could not lock System prefs. Unix error code 2.
2024-10-22 20:54:59,859 [ERROR] LogOutputStream:75 - [STDERR_REDIRECT] 
2024-10-22 20:54:59,859 [ERROR] LogOutputStream:75 - [STDERR_REDIRECT] Oct 22, 2024 8:54:59 PM java.util.prefs.FileSystemPreferences syncWorld
2024-10-22 20:54:59,860 [ERROR] LogOutputStream:75 - [STDERR_REDIRECT] WARNING: Couldn't flush system prefs: java.util.prefs.BackingStoreException: Couldn't get file lock.
2024-10-22 20:54:59,860 [ERROR] LogOutputStream:75 - [STDERR_REDIRECT] 
2024-10-22 20:55:29,924 [ERROR] LogOutputStream:75 - [STDERR_REDIRECT] Oct 22, 2024 8:55:29 PM java.util.prefs.FileSystemPreferences checkLockFile0ErrorCode
2024-10-22 20:55:29,925 [ERROR] LogOutputStream:75 - [STDERR_REDIRECT] WARNING: Could not lock System prefs. Unix error code 2.
2024-10-22 20:55:29,925 [ERROR] LogOutputStream:75 - [STDERR_REDIRECT] 
2024-10-22 20:55:29,926 [ERROR] LogOutputStream:75 - [STDERR_REDIRECT] Oct 22, 2024 8:55:29 PM java.util.prefs.FileSystemPreferences syncWorld
2024-10-22 20:55:29,927 [ERROR] LogOutputStream:75 - [STDERR_REDIRECT] WARNING: Couldn't flush system prefs: java.util.prefs.BackingStoreException: Couldn't get file lock.
2024-10-22 20:55:29,927 [ERROR] LogOutputStream:75 - [STDERR_REDIRECT] 
2024-10-22 20:55:59,862 [ERROR] LogOutputStream:75 - [STDERR_REDIRECT] Oct 22, 2024 8:55:59 PM java.util.prefs.FileSystemPreferences checkLockFile0ErrorCode
2024-10-22 20:55:59,863 [ERROR] LogOutputStream:75 - [STDERR_REDIRECT] WARNING: Could not lock System prefs. Unix error code 2.
2024-10-22 20:55:59,864 [ERROR] LogOutputStream:75 - [STDERR_REDIRECT] 
2024-10-22 20:55:59,867 [ERROR] LogOutputStream:75 - [STDERR_REDIRECT] Oct 22, 2024 8:55:59 PM java.util.prefs.FileSystemPreferences syncWorld
2024-10-22 20:55:59,867 [ERROR] LogOutputStream:75 - [STDERR_REDIRECT] WARNING: Couldn't flush system prefs: java.util.prefs.BackingStoreException: Couldn't get file lock.
2024-10-22 20:55:59,869 [ERROR] LogOutputStream:75 - [STDERR_REDIRECT] 
2024-10-22 20:56:29,860 [ERROR] LogOutputStream:75 - [STDERR_REDIRECT] Oct 22, 2024 8:56:29 PM java.util.prefs.FileSystemPreferences checkLockFile0ErrorCode
2024-10-22 20:56:29,861 [ERROR] LogOutputStream:75 - [STDERR_REDIRECT] WARNING: Could not lock System prefs. Unix error code 2.
2024-10-22 20:56:29,861 [ERROR] LogOutputStream:75 - [STDERR_REDIRECT] 
2024-10-22 20:56:29,863 [ERROR] LogOutputStream:75 - [STDERR_REDIRECT] Oct 22, 2024 8:56:29 PM java.util.prefs.FileSystemPreferences syncWorld
2024-10-22 20:56:29,863 [ERROR] LogOutputStream:75 - [STDERR_REDIRECT] WARNING: Couldn't flush system prefs: java.util.prefs.BackingStoreException: Couldn't get file lock.
2024-10-22 20:56:29,863 [ERROR] LogOutputStream:75 - [STDERR_REDIRECT] 
